{
  "0 debug pnpm:scope": {
    "selected": 1
  },
  "1 info pnpm": {
    "err": {
      "name": "Error",
      "message": "not found: -g",
      "code": "ENOENT",
      "stack": "Error: not found: -g\n    at getNotFoundError (/home/trainingmontage/.nvm/versions/node/v17.5.0/lib/node_modules/pnpm/dist/pnpm.cjs:41555:51)\n    at Function.whichSync [as sync] (/home/trainingmontage/.nvm/versions/node/v17.5.0/lib/node_modules/pnpm/dist/pnpm.cjs:41632:13)\n    at getCommandAbsolutePathSync (/home/trainingmontage/.nvm/versions/node/v17.5.0/lib/node_modules/pnpm/dist/pnpm.cjs:43197:44)\n    at default_1 (/home/trainingmontage/.nvm/versions/node/v17.5.0/lib/node_modules/pnpm/dist/pnpm.cjs:43206:32)\n    at /home/trainingmontage/.nvm/versions/node/v17.5.0/lib/node_modules/pnpm/dist/pnpm.cjs:178093:39"
    }
  },
  "2 error pnpm": {
    "code": "ERR_PNPM_RECURSIVE_EXEC_FIRST_FAIL",
    "prefix": "/home/trainingmontage/.nvm/versions/node/v17.5.0/pnpm-global/5",
    "err": {
      "name": "pnpm",
      "message": "not found: -g",
      "code": "ERR_PNPM_RECURSIVE_EXEC_FIRST_FAIL",
      "stack": "Error: not found: -g\n    at getNotFoundError (/home/trainingmontage/.nvm/versions/node/v17.5.0/lib/node_modules/pnpm/dist/pnpm.cjs:41555:51)\n    at Function.whichSync [as sync] (/home/trainingmontage/.nvm/versions/node/v17.5.0/lib/node_modules/pnpm/dist/pnpm.cjs:41632:13)\n    at getCommandAbsolutePathSync (/home/trainingmontage/.nvm/versions/node/v17.5.0/lib/node_modules/pnpm/dist/pnpm.cjs:43197:44)\n    at default_1 (/home/trainingmontage/.nvm/versions/node/v17.5.0/lib/node_modules/pnpm/dist/pnpm.cjs:43206:32)\n    at /home/trainingmontage/.nvm/versions/node/v17.5.0/lib/node_modules/pnpm/dist/pnpm.cjs:178093:39"
    }
  }
}